:COMSYS After 366 simulations
:COMSYS Best payoff is -92160.5
:COMSYS Normally terminated optimization
:OPTIMIZER=Powell
:SENSITIVITY=Off
:MULTIPLE_START=Off
:RANDOM_NUMBER=Default
:OUTPUT_LEVEL=On
:TRACE=Off
:MAX_ITERATIONS=1000
:RESTART_MAX=0
:PASS_LIMIT=2
:FRACTIONAL_TOLERANCE=0.0003
:TOLERANCE_MULTIPLIER=21
:ABSOLUTE_TOLERANCE=1
:SCALE_ABSOLUTE=1
:VECTOR_POINTS=25
:MCINITMETHOD=0
:MCPAYOFFTYPE=0
:MCRECORD=0
:MCSCHEDULE=0
:MCLIMIT=0
:MCBURNIN=0
:MCNCHAINS=2
:MCOUTLIER=0.05
:MCGAMMA=1
:MCEPSILON=0.01
:MCDELTA=0.0001
:MCJUMP=0.05
:MCUPDATEPAIRS=2
:MCXOVER=0.2
:MCTEMP=1
:MCFTEMP=1
:MCCOOLING=1000
0.5 <= Reporting Time = 1.27341  <= 2
0.01 <= Maximum Evaluation Fraction = 0.170186  <= 0.5
10 <= Minimum Desired Reports to Date = 115.599  <= 500
500 <= Increase in DRD per Doubling of Eligibility = 653.707  <= 1000
0.001 <= Minimum Eligibility Fraction = 0.0159285  <= 0.03
